<?xml version="1.0" encoding="UTF-8"?>
<testng-results ignored="0" total="3" passed="3" failed="0" skipped="0">
  <reporter-output>
  </reporter-output>
  <suite started-at="2023-12-20T11:14:57 IST" name="Default suite" finished-at="2023-12-20T11:15:34 IST" duration-ms="36626">
    <groups>
      <group name="demo">
        <method signature="TestNG.a()[pri:0, instance:TestNG@2c767a52]" name="a" class="TestNG"/>
      </group> <!-- demo -->
      <group name="demo1">
        <method signature="TestNG.b()[pri:0, instance:TestNG@2c767a52]" name="b" class="TestNG"/>
        <method signature="TestNG.f()[pri:0, instance:TestNG@2c767a52]" name="f" class="TestNG"/>
      </group> <!-- demo1 -->
    </groups>
    <test started-at="2023-12-20T11:14:57 IST" name="Default test" finished-at="2023-12-20T11:15:34 IST" duration-ms="36626">
      <class name="TestNG">
        <test-method is-config="true" signature="beforeMethod()[pri:0, instance:TestNG@2c767a52]" started-at="2023-12-20T11:14:57 IST" name="beforeMethod" finished-at="2023-12-20T11:14:57 IST" duration-ms="4" status="PASS">
          <reporter-output>
          </reporter-output>
        </test-method> <!-- beforeMethod -->
        <test-method signature="a()[pri:0, instance:TestNG@2c767a52]" started-at="2023-12-20T11:14:57 IST" name="a" finished-at="2023-12-20T11:14:57 IST" duration-ms="10" status="PASS">
          <reporter-output>
          </reporter-output>
        </test-method> <!-- a -->
        <test-method is-config="true" signature="afterMethod()[pri:0, instance:TestNG@2c767a52]" started-at="2023-12-20T11:14:57 IST" name="afterMethod" finished-at="2023-12-20T11:14:57 IST" duration-ms="1" status="PASS">
          <reporter-output>
          </reporter-output>
        </test-method> <!-- afterMethod -->
        <test-method signature="b()[pri:0, instance:TestNG@2c767a52]" started-at="2023-12-20T11:14:57 IST" name="b" finished-at="2023-12-20T11:14:57 IST" duration-ms="1" status="PASS">
          <reporter-output>
          </reporter-output>
        </test-method> <!-- b -->
        <test-method is-config="true" signature="beforeMethod()[pri:0, instance:TestNG@2c767a52]" started-at="2023-12-20T11:14:57 IST" name="beforeMethod" finished-at="2023-12-20T11:14:57 IST" duration-ms="0" status="PASS">
          <reporter-output>
          </reporter-output>
        </test-method> <!-- beforeMethod -->
        <test-method is-config="true" signature="afterMethod()[pri:0, instance:TestNG@2c767a52]" started-at="2023-12-20T11:14:57 IST" name="afterMethod" finished-at="2023-12-20T11:14:57 IST" duration-ms="1" status="PASS">
          <reporter-output>
          </reporter-output>
        </test-method> <!-- afterMethod -->
        <test-method is-config="true" signature="beforeMethod()[pri:0, instance:TestNG@2c767a52]" started-at="2023-12-20T11:14:57 IST" name="beforeMethod" finished-at="2023-12-20T11:14:57 IST" duration-ms="1" status="PASS">
          <reporter-output>
          </reporter-output>
        </test-method> <!-- beforeMethod -->
        <test-method signature="f()[pri:0, instance:TestNG@2c767a52]" started-at="2023-12-20T11:14:57 IST" name="f" finished-at="2023-12-20T11:15:34 IST" duration-ms="36569" status="PASS">
          <reporter-output>
          </reporter-output>
        </test-method> <!-- f -->
        <test-method is-config="true" signature="afterMethod()[pri:0, instance:TestNG@2c767a52]" started-at="2023-12-20T11:15:34 IST" name="afterMethod" finished-at="2023-12-20T11:15:34 IST" duration-ms="0" status="PASS">
          <reporter-output>
          </reporter-output>
        </test-method> <!-- afterMethod -->
      </class> <!-- TestNG -->
    </test> <!-- Default test -->
  </suite> <!-- Default suite -->
</testng-results>
